{"name":"Initialisation","id":"ui.FindFlightsUITest:Initialisation","testCaseName":"ui.FindFlightsUITest","userStory":{"id":"ui.FindFlightsUITest","storyName":"Find flights UI test","storyClassName":"ui.FindFlightsUITest","path":"ui","type":"story"},"featureTag":{"name":"Find flights UI test","type":"story"},"title":"Initialisation","tags":[{"name":"Find flights UI test","type":"story"}],"startTime":"2019-07-31T14:47:52.902-07:00[America/Los_Angeles]","duration":0,"testFailureCause":{"errorType":"net.thucydides.core.pages.WrongPageError","message":"The page object class pages.HomePage looks dodgy:\nFailed to instantiate page (net.thucydides.core.webdriver.UnsupportedDriverException: Could not instantiate class org.openqa.selenium.chrome.ChromeDriver)","stackTrace":[{"declaringClass":"org.eclipse.jdt.internal.junit4.runner.JUnit4TestReference","methodName":"run","fileName":"JUnit4TestReference.java","lineNumber":89},{"declaringClass":"org.eclipse.jdt.internal.junit.runner.TestExecution","methodName":"run","fileName":"TestExecution.java","lineNumber":41},{"declaringClass":"org.eclipse.jdt.internal.junit.runner.RemoteTestRunner","methodName":"runTests","fileName":"RemoteTestRunner.java","lineNumber":541},{"declaringClass":"org.eclipse.jdt.internal.junit.runner.RemoteTestRunner","methodName":"runTests","fileName":"RemoteTestRunner.java","lineNumber":763},{"declaringClass":"org.eclipse.jdt.internal.junit.runner.RemoteTestRunner","methodName":"run","fileName":"RemoteTestRunner.java","lineNumber":463},{"declaringClass":"org.eclipse.jdt.internal.junit.runner.RemoteTestRunner","methodName":"main","fileName":"RemoteTestRunner.java","lineNumber":209}]},"testFailureClassname":"net.thucydides.core.pages.WrongPageError","testFailureMessage":"The page object class pages.HomePage looks dodgy:\nFailed to instantiate page (net.thucydides.core.webdriver.UnsupportedDriverException: Could not instantiate class org.openqa.selenium.chrome.ChromeDriver)","testFailureSummary":"FAILURE;net.thucydides.core.pages.WrongPageError;The page object class pages.HomePage looks dodgy:\nFailed to instantiate page (net.thucydides.core.webdriver.UnsupportedDriverException: Could not instantiate class org.openqa.selenium.chrome.ChromeDriver);JUnit4TestReference.java","projectKey":"","annotatedResult":"FAILURE","manual":false,"testSource":"JUnit","result":"FAILURE"}